Virtuoso Framework License (111) was checked out successfully. Total checkout time was 0.04s.
*WARNING* '/home/viterbi/09/lijunlia/work_gpdk045/cds.lib', Line 3, Repeat of INCLUDE of '/home/viterbi/01/ee577/CDS_GPDK45/gpdk045_v_5_0/cds.lib'.
*WARNING* LIB analogLib from File /home/viterbi/01/ee577/CDS_GPDK45/gpdk045_v_5_0/cds.lib Line 3 redefines
LIB analogLib from the same file (defined earlier.)
*WARNING* LIB basic from File /home/viterbi/01/ee577/CDS_GPDK45/gpdk045_v_5_0/cds.lib Line 4 redefines
LIB basic from the same file (defined earlier.)
*WARNING* LIB sheets from File /home/viterbi/01/ee577/CDS_GPDK45/gpdk045_v_5_0/cds.lib Line 5 redefines
LIB sheets from the same file (defined earlier.)
*WARNING* '/home/viterbi/09/lijunlia/work_gpdk045/cds.lib', Line 4, Repeat of INCLUDE of '/home/viterbi/01/ee577/CDS_GPDK45/gsclib045_svt_mini_v4.4/cds.lib'.
*WARNING* '/home/viterbi/01/ee577/CDS_GPDK45/gsclib045_svt_mini_v4.4/cds.lib', Line 1, Repeat of INCLUDE of '/home/viterbi/01/ee577/CDS_GPDK45/gsclib045_svt_mini_v4.4/gsclib045_tech/cds.lib'.
*WARNING* '/home/viterbi/01/ee577/CDS_GPDK45/gsclib045_svt_mini_v4.4/cds.lib', Line 2, Repeat of INCLUDE of '/home/viterbi/01/ee577/CDS_GPDK45/gsclib045_svt_mini_v4.4/gsclib045/cds.lib'.
*WARNING* LIB GSCLIB045 from File /home/viterbi/01/ee577/CDS_GPDK45/gsclib045_svt_mini_v4.4/cds.lib Line 3 redefines
LIB GSCLIB045 from the same file (defined earlier.)
*WARNING* '/home/viterbi/09/lijunlia/work_gpdk045/cds.lib', Line 6, Repeat of INCLUDE of '/home/viterbi/01/ee577/CDS_GPDK45/gpdk045_v_5_0/cds.lib'.
*WARNING* LIB analogLib from File /home/viterbi/01/ee577/CDS_GPDK45/gpdk045_v_5_0/cds.lib Line 3 redefines
LIB analogLib from the same file (defined earlier.)
*WARNING* LIB basic from File /home/viterbi/01/ee577/CDS_GPDK45/gpdk045_v_5_0/cds.lib Line 4 redefines
LIB basic from the same file (defined earlier.)
*WARNING* LIB sheets from File /home/viterbi/01/ee577/CDS_GPDK45/gpdk045_v_5_0/cds.lib Line 5 redefines
LIB sheets from the same file (defined earlier.)
*WARNING* '/home/viterbi/09/lijunlia/work_gpdk045/cds.lib', Line 7, Repeat of INCLUDE of '/home/viterbi/01/ee577/CDS_GPDK45/gsclib045_svt_mini_v4.4/cds.lib'.
*WARNING* '/home/viterbi/01/ee577/CDS_GPDK45/gsclib045_svt_mini_v4.4/cds.lib', Line 1, Repeat of INCLUDE of '/home/viterbi/01/ee577/CDS_GPDK45/gsclib045_svt_mini_v4.4/gsclib045_tech/cds.lib'.
*WARNING* '/home/viterbi/01/ee577/CDS_GPDK45/gsclib045_svt_mini_v4.4/cds.lib', Line 2, Repeat of INCLUDE of '/home/viterbi/01/ee577/CDS_GPDK45/gsclib045_svt_mini_v4.4/gsclib045/cds.lib'.
********************************************************************************
Product   : Virtuoso(R) XStream Out
Program   : @(#)$CDS: strmout version 6.1.7-64b 07/05/2016 21:07 (sjfhw308) $
          : sub-version  IC6.1.7-64b.500.5 
Started at: 02-Sep-2022  01:00:01
User Name : lijunlia
Host Name : viterbi-scf2
Directory : /home/viterbi/09/lijunlia/work_gpdk045
CADENCE Design Systems, Inc.
********************************************************************************
Info: Cellview Rev Num:99,  Tech Rev Num:59

*WARNING* LIB GSCLIB045 from File /home/viterbi/01/ee577/CDS_GPDK45/gsclib045_svt_mini_v4.4/cds.lib Line 3 redefines
LIB GSCLIB045 from the same file (defined earlier.)
Loading gpdk045/libInit.il ...
	Loading gpdk045/loadCxt.ile ... done!
	Loading context 'gpdk045' from library 'gpdk045' ... done!
	Loading context 'pdkUtils' from library 'gpdk045' ... done!
	Loading gpdk045/gpdk045_customFilter.il ... done!
	Loading gpdk045/libInitCustomExit.il ... 
	Loading Environment Settings ...
	Loading gpdk045/gpdk045_PDKRegistrations.il ... done!

  *************************************************************           
  *              Cadence Design Systems, Inc.                 *           
  *                                                           *           
  *                    Generic 45nm PDK                       *           
  *                        (gpdk045)                          *           
  *                                                           *           
  *************************************************************           
	

	VERSION: 5.0 (22-Feb-2016)

done!
Loaded gpdk045/libInit.il successfully!
WARNING (XSTRM-20): Output Stream file '/home/viterbi/09/lijunlia/work_gpdk045/LVS/Inv.gds' already exists. It will be overwritten.
INFO (XSTRM-217): Reading the layer map file, /home/viterbi/01/ee577/CDS_GPDK45/gpdk045_v_5_0/gpdk045/gpdk045.layermap
INFO (XSTRM-162): You have not used the viaMap option. If the OpenAccess design has native oaVia instances, use the -viaMap option for preserving oaVia instances in a Stream Out - Stream In round trip. Using the -viaMap option improves performance and VM usage of applications using the Streamed-In design.  For details on the viaMap option, refer to the "Design Data Translator's Reference" guide for XStream.

Summary of Options :
library                                 lab0
strmFile                                /home/viterbi/09/lijunlia/work_gpdk045/LVS/Inv.gds
topCell                                 Inv
view                                    layout
runDir                                  /home/viterbi/09/lijunlia/work_gpdk045/LVS
logFile                                 /home/viterbi/09/lijunlia/work_gpdk045/LVS/PIPO1.LOG
techLib                                 gpdk045
hierDepth                               32
maxVertices                             2048
layerMap                                /home/viterbi/01/ee577/CDS_GPDK45/gpdk045_v_5_0/gpdk045/gpdk045.layermap
userSkillFile                           /home/viterbi/09/lijunlia/work_gpdk045/LVS/strmout.il
labelDepth                              32
case                                    Preserve
convertDot                              node
convertPin                              geometryAndText

INFO (XSTRM-223): 1. Translating cellView gpdk045/M1_PO/layout as STRUCTURE M1_PO_CDNS_1.
INFO (XSTRM-223): 2. Translating cellView gsclib045_tech/cellTmpl/layout as STRUCTURE cellTmpl_CDNS_2.
INFO (XSTRM-223): 3. Translating cellView gpdk045/pmos1v/layout as STRUCTURE pmos1v_CDNS_3.
INFO (XSTRM-223): 4. Translating cellView gpdk045/nmos1v/layout as STRUCTURE nmos1v_CDNS_4.
INFO (XSTRM-223): 5. Translating cellView lab0/Inv/layout as STRUCTURE Inv.

Summary of Objects Translated:
	Scalar Instances:                       3
	Array Instances:                        0
	Polygons:                               0
	Paths:                                  2
	Rectangles:                             70
	Lines:                                  0
	Arcs:                                   0
	Donuts:                                 0
	Dots:                                   0
	Ellipses:                               0
	Boundaries:                             0
	Area Blockages:                         0
	Layer Blockages:                        0
	Area Halos:                             0
	Markers:                                0
	Rows:                                   0
	Standard Vias                           1
	Custom Vias:                            0
	CdsGen Vias:                            0
	Pathsegs:                               0
	Text:                                   0
	TextDisplay:                            4
	Cells:                                  5

Elapsed Time: 0.5s   User Time: 0.2s   CPU Time: 0.1s   Peak VM: 5756KB
INFO (XSTRM-234): Translation completed. '0' error(s) and '1' warning(s) found.
