Virtuoso Framework License (111) was checked out successfully. Total checkout time was 0.03s.
*WARNING* (icLic-203) Failed to check out license Virtuoso_Schematic_Editor_L ("Schematics L") to run Schematics L because of status code -5.
Attempting to check out the next available license Virtuoso_Schematic_Editor_XL ("Schematics XL") per license checkout order L, XL.
*INFO* (icLic-302) License Virtuoso_Schematic_Editor_XL ("Schematics XL") was used to run Schematics L.

Running simulation in directory: "/home/viterbi/09/lijunlia/work_gpdk045/LVS/".

*WARNING* '/home/viterbi/09/lijunlia/work_gpdk045/cds.lib', Line 3, Repeat of INCLUDE of '/home/viterbi/01/ee577/CDS_GPDK45/gpdk045_v_5_0/cds.lib'.
*WARNING* LIB analogLib from File /home/viterbi/01/ee577/CDS_GPDK45/gpdk045_v_5_0/cds.lib Line 3 redefines
LIB analogLib from the same file (defined earlier.)
*WARNING* LIB basic from File /home/viterbi/01/ee577/CDS_GPDK45/gpdk045_v_5_0/cds.lib Line 4 redefines
LIB basic from the same file (defined earlier.)
*WARNING* LIB sheets from File /home/viterbi/01/ee577/CDS_GPDK45/gpdk045_v_5_0/cds.lib Line 5 redefines
LIB sheets from the same file (defined earlier.)
*WARNING* '/home/viterbi/09/lijunlia/work_gpdk045/cds.lib', Line 4, Repeat of INCLUDE of '/home/viterbi/01/ee577/CDS_GPDK45/gsclib045_svt_mini_v4.4/cds.lib'.
*WARNING* '/home/viterbi/01/ee577/CDS_GPDK45/gsclib045_svt_mini_v4.4/cds.lib', Line 1, Repeat of INCLUDE of '/home/viterbi/01/ee577/CDS_GPDK45/gsclib045_svt_mini_v4.4/gsclib045_tech/cds.lib'.
*WARNING* '/home/viterbi/01/ee577/CDS_GPDK45/gsclib045_svt_mini_v4.4/cds.lib', Line 2, Repeat of INCLUDE of '/home/viterbi/01/ee577/CDS_GPDK45/gsclib045_svt_mini_v4.4/gsclib045/cds.lib'.
*WARNING* LIB GSCLIB045 from File /home/viterbi/01/ee577/CDS_GPDK45/gsclib045_svt_mini_v4.4/cds.lib Line 3 redefines
LIB GSCLIB045 from the same file (defined earlier.)
*WARNING* '/home/viterbi/09/lijunlia/work_gpdk045/cds.lib', Line 6, Repeat of INCLUDE of '/home/viterbi/01/ee577/CDS_GPDK45/gpdk045_v_5_0/cds.lib'.
*WARNING* LIB analogLib from File /home/viterbi/01/ee577/CDS_GPDK45/gpdk045_v_5_0/cds.lib Line 3 redefines
LIB analogLib from the same file (defined earlier.)
*WARNING* LIB basic from File /home/viterbi/01/ee577/CDS_GPDK45/gpdk045_v_5_0/cds.lib Line 4 redefines
LIB basic from the same file (defined earlier.)
*WARNING* LIB sheets from File /home/viterbi/01/ee577/CDS_GPDK45/gpdk045_v_5_0/cds.lib Line 5 redefines
LIB sheets from the same file (defined earlier.)
*WARNING* '/home/viterbi/09/lijunlia/work_gpdk045/cds.lib', Line 7, Repeat of INCLUDE of '/home/viterbi/01/ee577/CDS_GPDK45/gsclib045_svt_mini_v4.4/cds.lib'.
*WARNING* '/home/viterbi/01/ee577/CDS_GPDK45/gsclib045_svt_mini_v4.4/cds.lib', Line 1, Repeat of INCLUDE of '/home/viterbi/01/ee577/CDS_GPDK45/gsclib045_svt_mini_v4.4/gsclib045_tech/cds.lib'.
*WARNING* '/home/viterbi/01/ee577/CDS_GPDK45/gsclib045_svt_mini_v4.4/cds.lib', Line 2, Repeat of INCLUDE of '/home/viterbi/01/ee577/CDS_GPDK45/gsclib045_svt_mini_v4.4/gsclib045/cds.lib'.
*WARNING* LIB GSCLIB045 from File /home/viterbi/01/ee577/CDS_GPDK45/gsclib045_svt_mini_v4.4/cds.lib Line 3 redefines
LIB GSCLIB045 from the same file (defined earlier.)
*WARNING* '/home/viterbi/09/lijunlia/work_gpdk045/cds.lib', Line 3, Repeat of INCLUDE of '/home/viterbi/01/ee577/CDS_GPDK45/gpdk045_v_5_0/cds.lib'.
*WARNING* LIB analogLib from File /home/viterbi/01/ee577/CDS_GPDK45/gpdk045_v_5_0/cds.lib Line 3 redefines
LIB analogLib from the same file (defined earlier.)
*WARNING* LIB basic from File /home/viterbi/01/ee577/CDS_GPDK45/gpdk045_v_5_0/cds.lib Line 4 redefines
LIB basic from the same file (defined earlier.)
*WARNING* LIB sheets from File /home/viterbi/01/ee577/CDS_GPDK45/gpdk045_v_5_0/cds.lib Line 5 redefines
LIB sheets from the same file (defined earlier.)
*WARNING* '/home/viterbi/09/lijunlia/work_gpdk045/cds.lib', Line 4, Repeat of INCLUDE of '/home/viterbi/01/ee577/CDS_GPDK45/gsclib045_svt_mini_v4.4/cds.lib'.
*WARNING* '/home/viterbi/01/ee577/CDS_GPDK45/gsclib045_svt_mini_v4.4/cds.lib', Line 1, Repeat of INCLUDE of '/home/viterbi/01/ee577/CDS_GPDK45/gsclib045_svt_mini_v4.4/gsclib045_tech/cds.lib'.
*WARNING* '/home/viterbi/01/ee577/CDS_GPDK45/gsclib045_svt_mini_v4.4/cds.lib', Line 2, Repeat of INCLUDE of '/home/viterbi/01/ee577/CDS_GPDK45/gsclib045_svt_mini_v4.4/gsclib045/cds.lib'.
*WARNING* LIB GSCLIB045 from File /home/viterbi/01/ee577/CDS_GPDK45/gsclib045_svt_mini_v4.4/cds.lib Line 3 redefines
LIB GSCLIB045 from the same file (defined earlier.)
*WARNING* '/home/viterbi/09/lijunlia/work_gpdk045/cds.lib', Line 6, Repeat of INCLUDE of '/home/viterbi/01/ee577/CDS_GPDK45/gpdk045_v_5_0/cds.lib'.
*WARNING* LIB analogLib from File /home/viterbi/01/ee577/CDS_GPDK45/gpdk045_v_5_0/cds.lib Line 3 redefines
LIB analogLib from the same file (defined earlier.)
*WARNING* LIB basic from File /home/viterbi/01/ee577/CDS_GPDK45/gpdk045_v_5_0/cds.lib Line 4 redefines
LIB basic from the same file (defined earlier.)
*WARNING* LIB sheets from File /home/viterbi/01/ee577/CDS_GPDK45/gpdk045_v_5_0/cds.lib Line 5 redefines
LIB sheets from the same file (defined earlier.)
*WARNING* '/home/viterbi/09/lijunlia/work_gpdk045/cds.lib', Line 7, Repeat of INCLUDE of '/home/viterbi/01/ee577/CDS_GPDK45/gsclib045_svt_mini_v4.4/cds.lib'.
*WARNING* '/home/viterbi/01/ee577/CDS_GPDK45/gsclib045_svt_mini_v4.4/cds.lib', Line 1, Repeat of INCLUDE of '/home/viterbi/01/ee577/CDS_GPDK45/gsclib045_svt_mini_v4.4/gsclib045_tech/cds.lib'.
*WARNING* '/home/viterbi/01/ee577/CDS_GPDK45/gsclib045_svt_mini_v4.4/cds.lib', Line 2, Repeat of INCLUDE of '/home/viterbi/01/ee577/CDS_GPDK45/gsclib045_svt_mini_v4.4/gsclib045/cds.lib'.
*WARNING* LIB GSCLIB045 from File /home/viterbi/01/ee577/CDS_GPDK45/gsclib045_svt_mini_v4.4/cds.lib Line 3 redefines
LIB GSCLIB045 from the same file (defined earlier.)
Loading gpdk045/libInit.il ...
	Loading gpdk045/loadCxt.ile ... done!
	Loading context 'gpdk045' from library 'gpdk045' ... done!
	Loading context 'pdkUtils' from library 'gpdk045' ... done!
	Loading gpdk045/gpdk045_customFilter.il ... done!
	Loading gpdk045/libInitCustomExit.il ... 
	Loading Environment Settings ...
	Loading gpdk045/gpdk045_PDKRegistrations.il ... done!

  *************************************************************           
  *              Cadence Design Systems, Inc.                 *           
  *                                                           *           
  *                    Generic 45nm PDK                       *           
  *                        (gpdk045)                          *           
  *                                                           *           
  *************************************************************           
	

	VERSION: 5.0 (22-Feb-2016)

done!
Loaded gpdk045/libInit.il successfully!
Running Artist Hierarchical Netlisting ...
End netlisting Sep  2 01:00:02 2022

Running simin
*WARNING* (icLic-203) Failed to check out license Virtuoso_Schematic_Editor_L ("Schematics L") to run Schematics L because of status code -5.
Attempting to check out the next available license Virtuoso_Schematic_Editor_XL ("Schematics XL") per license checkout order L, XL.
*INFO* (icLic-302) License Virtuoso_Schematic_Editor_XL ("Schematics XL") was used to run Schematics L.

Running runSim()...


Running runsim with simulator: "auCdl"
Begin simulation:    Sep  2 01:00:02 2022

auCdl netlisting completed
End simulation:      Sep  2 01:00:02 2022
INFO (AUCDL-21): (Analog) CDL netlisting completed successfully.