\o Program:		@(#)$CDS: libManager version 6.1.7 - CAT35 05/25/2016 17:24 (sjflg005) $
\o Sub version:		sub-version  IC6.1.7 - CAT35.15s020 
\o Arguments:		-unmapped -mpssession virtuoso156951 -mpshost viterbi-scf2 
\o Working Directory:	viterbi-scf2:/home/viterbi/09/lijunlia/work_gpdk045
\o 64-bit offsets
\o Qt version: 		4.8.5
\o changeWorkingDir("/home/viterbi/09/lijunlia/work_gpdk045") unnecessary.
\o ddSetForcedLib("") unnecessary.
\o Log file is "/home/viterbi/09/lijunlia/work_gpdk045/libManager.log".
\o Opening libManager window.
\a nrSetWindowVisibility(cdsLibManager "show")
\o MPS service: map window
\o Library Manager customization server connected.
\a nrSetCurrentWindow(cdsLibManager)
\w Warning: '/home/viterbi/09/lijunlia/work_gpdk045/cds.lib', Line 3, Repeat of INCLUDE of '/home/viterbi/01/ee577/CDS_GPDK45/gpdk045_v_5_0/cds.lib'.
\w Warning: LIB analogLib from File /home/viterbi/01/ee577/CDS_GPDK45/gpdk045_v_5_0/cds.lib Line 3 redefines
\w LIB analogLib from the same file (defined earlier.)
\w Warning: LIB basic from File /home/viterbi/01/ee577/CDS_GPDK45/gpdk045_v_5_0/cds.lib Line 4 redefines
\w LIB basic from the same file (defined earlier.)
\w Warning: LIB sheets from File /home/viterbi/01/ee577/CDS_GPDK45/gpdk045_v_5_0/cds.lib Line 5 redefines
\w LIB sheets from the same file (defined earlier.)
\w Warning: '/home/viterbi/09/lijunlia/work_gpdk045/cds.lib', Line 4, Repeat of INCLUDE of '/home/viterbi/01/ee577/CDS_GPDK45/gsclib045_svt_mini_v4.4/cds.lib'.
\w Warning: '/home/viterbi/01/ee577/CDS_GPDK45/gsclib045_svt_mini_v4.4/cds.lib', Line 1, Repeat of INCLUDE of '/home/viterbi/01/ee577/CDS_GPDK45/gsclib045_svt_mini_v4.4/gsclib045_tech/cds.lib'.
\w Warning: '/home/viterbi/01/ee577/CDS_GPDK45/gsclib045_svt_mini_v4.4/cds.lib', Line 2, Repeat of INCLUDE of '/home/viterbi/01/ee577/CDS_GPDK45/gsclib045_svt_mini_v4.4/gsclib045/cds.lib'.
\w Warning: LIB GSCLIB045 from File /home/viterbi/01/ee577/CDS_GPDK45/gsclib045_svt_mini_v4.4/cds.lib Line 3 redefines
\w LIB GSCLIB045 from the same file (defined earlier.)
\a nrResizeWindow(cdsLibManager list(20 40 600 419))
\a nrSetCurrentWindow(cdsLibManager)
\a nrSetCurrentWindow(cdsLibManager)
\a nrSetCurrentWindow(cdsLibManager)
\a nrResizeWindow(cdsLibManager list(20 40 1148 756))
\a nrSetCurrentWindow(cdsLibManager)
\a nrSetCurrentWindow(cdsLibManager)
\a cdsLibManager->FileNewLibButton->value = t
\a nrSetWindowVisibility(NewLibShell "show")
\a NewLibShell->QLineEdit2->value = "/home/viterbi/09/lijunlia/work_gpdk045/"
\a nrSetCurrentWindow(cdsLibManager)
\a nrSetCurrentWindow(NewLibShell)
\a nrSetCurrentWindow(NewLibShell->subDialog)
\a nrResizeWindow(NewLibShell list(1338 0 507 559))
\a nrSetCurrentWindow(NewLibShell)
\a nrSetCurrentWindow(NewLibShell->subDialog)
\a nrSetCurrentWindow(cdsLibManager)
\a nrResizeWindow(NewLibShell list(409 139 507 559))
\a nrSetCurrentWindow(cdsLibManager)
\a nrSetCurrentWindow(NewLibShell)
\a nrSetCurrentWindow(NewLibShell->subDialog)
\a nrSetCurrentWindow(cdsLibManager)
\a NewLibShell->newLibNameText->value = "lab0"
\a NewLibShell->newLibOKButton->value = t
\a NewLibShell->subDialog->value = '("/home/viterbi/09/lijunlia/work_gpdk045" "/home/viterbi/09/lijunlia/work_gpdk045/")
\a nrSetCurrentWindow(NewLibShell)
\a nrSetCurrentWindow(NewLibShell->subDialog)
\a nrSetWindowVisibility(workingDialogForm "show")
\o Created new library "lab0" at /home/viterbi/09/lijunlia/work_gpdk045/lab0.
\a nrSetCurrentWindow(cdsLibManager)
\w Warning: '/home/viterbi/09/lijunlia/work_gpdk045/cds.lib', Line 3, Repeat of INCLUDE of '/home/viterbi/01/ee577/CDS_GPDK45/gpdk045_v_5_0/cds.lib'.
\w Warning: LIB analogLib from File /home/viterbi/01/ee577/CDS_GPDK45/gpdk045_v_5_0/cds.lib Line 3 redefines
\w LIB analogLib from the same file (defined earlier.)
\w Warning: LIB basic from File /home/viterbi/01/ee577/CDS_GPDK45/gpdk045_v_5_0/cds.lib Line 4 redefines
\w LIB basic from the same file (defined earlier.)
\w Warning: LIB sheets from File /home/viterbi/01/ee577/CDS_GPDK45/gpdk045_v_5_0/cds.lib Line 5 redefines
\w LIB sheets from the same file (defined earlier.)
\w Warning: '/home/viterbi/09/lijunlia/work_gpdk045/cds.lib', Line 4, Repeat of INCLUDE of '/home/viterbi/01/ee577/CDS_GPDK45/gsclib045_svt_mini_v4.4/cds.lib'.
\w Warning: '/home/viterbi/01/ee577/CDS_GPDK45/gsclib045_svt_mini_v4.4/cds.lib', Line 1, Repeat of INCLUDE of '/home/viterbi/01/ee577/CDS_GPDK45/gsclib045_svt_mini_v4.4/gsclib045_tech/cds.lib'.
\w Warning: '/home/viterbi/01/ee577/CDS_GPDK45/gsclib045_svt_mini_v4.4/cds.lib', Line 2, Repeat of INCLUDE of '/home/viterbi/01/ee577/CDS_GPDK45/gsclib045_svt_mini_v4.4/gsclib045/cds.lib'.
\w Warning: LIB GSCLIB045 from File /home/viterbi/01/ee577/CDS_GPDK45/gsclib045_svt_mini_v4.4/cds.lib Line 3 redefines
\w LIB GSCLIB045 from the same file (defined earlier.)
\a nrResizeWindow(workingDialogForm list(1185 0 268 133))
\w Warning: '/home/viterbi/09/lijunlia/work_gpdk045/cds.lib', Line 3, Repeat of INCLUDE of '/home/viterbi/01/ee577/CDS_GPDK45/gpdk045_v_5_0/cds.lib'.
\w Warning: LIB analogLib from File /home/viterbi/01/ee577/CDS_GPDK45/gpdk045_v_5_0/cds.lib Line 3 redefines
\w LIB analogLib from the same file (defined earlier.)
\w Warning: LIB basic from File /home/viterbi/01/ee577/CDS_GPDK45/gpdk045_v_5_0/cds.lib Line 4 redefines
\w LIB basic from the same file (defined earlier.)
\w Warning: LIB sheets from File /home/viterbi/01/ee577/CDS_GPDK45/gpdk045_v_5_0/cds.lib Line 5 redefines
\w LIB sheets from the same file (defined earlier.)
\w Warning: '/home/viterbi/09/lijunlia/work_gpdk045/cds.lib', Line 4, Repeat of INCLUDE of '/home/viterbi/01/ee577/CDS_GPDK45/gsclib045_svt_mini_v4.4/cds.lib'.
\w Warning: '/home/viterbi/01/ee577/CDS_GPDK45/gsclib045_svt_mini_v4.4/cds.lib', Line 1, Repeat of INCLUDE of '/home/viterbi/01/ee577/CDS_GPDK45/gsclib045_svt_mini_v4.4/gsclib045_tech/cds.lib'.
\w Warning: '/home/viterbi/01/ee577/CDS_GPDK45/gsclib045_svt_mini_v4.4/cds.lib', Line 2, Repeat of INCLUDE of '/home/viterbi/01/ee577/CDS_GPDK45/gsclib045_svt_mini_v4.4/gsclib045/cds.lib'.
\w Warning: LIB GSCLIB045 from File /home/viterbi/01/ee577/CDS_GPDK45/gsclib045_svt_mini_v4.4/cds.lib Line 3 redefines
\w LIB GSCLIB045 from the same file (defined earlier.)
\a nrSetCurrentWindow(cdsLibManager)
\a nrSetCurrentWindow(cdsLibManager)
\a nrSetCurrentWindow(cdsLibManager)
\a nrSetCurrentWindow(cdsLibManager)
\a nrSetCurrentWindow(cdsLibManager)
\a cdsLibManager->libListBox->value = "lab0"
\a cdsLibManager->libLineEdit->value = "lab0"
\a cdsLibManager->FileNewCVButton->value = t
\a nrSetCurrentWindow(cdsLibManager)
\a nrSetCurrentWindow(cdsLibManager)
\a nrSetCurrentWindow(cdsLibManager)
\a nrSetCurrentWindow(cdsLibManager)
\a nrSetCurrentWindow(cdsLibManager)
\a nrSetCurrentWindow(cdsLibManager)
\a nrSetCurrentWindow(cdsLibManager)
\a nrSetCurrentWindow(cdsLibManager)
\a nrSetCurrentWindow(cdsLibManager)
\a nrSetCurrentWindow(cdsLibManager)
\a nrSetCurrentWindow(cdsLibManager)
\a nrSetCurrentWindow(cdsLibManager)
\a nrSetCurrentWindow(cdsLibManager)
\a nrSetCurrentWindow(cdsLibManager)
\a nrSetCurrentWindow(cdsLibManager)
\a nrSetCurrentWindow(cdsLibManager)
\a nrSetCurrentWindow(cdsLibManager)
\a nrSetCurrentWindow(cdsLibManager)
\a nrSetCurrentWindow(cdsLibManager)
\a nrSetCurrentWindow(cdsLibManager)
\a nrSetCurrentWindow(cdsLibManager)
\a nrSetCurrentWindow(cdsLibManager)
\a nrSetCurrentWindow(cdsLibManager)
\a nrSetCurrentWindow(cdsLibManager)
\a nrResizeWindow(cdsLibManager list(20 -1040 1148 756))
\a nrResizeWindow(cdsLibManager list(20 40 1148 756))
\a nrSetCurrentWindow(cdsLibManager)
\a nrSetCurrentWindow(cdsLibManager)
\a nrSetCurrentWindow(cdsLibManager)
\a nrSetCurrentWindow(cdsLibManager)
\a nrSetCurrentWindow(cdsLibManager)
\a nrSetCurrentWindow(cdsLibManager)
\a nrSetCurrentWindow(cdsLibManager)
\a nrSetCurrentWindow(cdsLibManager)
\a nrSetCurrentWindow(cdsLibManager)
\a nrSetCurrentWindow(cdsLibManager)
\a nrSetCurrentWindow(cdsLibManager)
\a nrSetCurrentWindow(cdsLibManager)
\a nrSetCurrentWindow(cdsLibManager)
\a nrSetCurrentWindow(cdsLibManager)
\a nrSetCurrentWindow(cdsLibManager)
\a nrSetCurrentWindow(cdsLibManager)
\a nrSetCurrentWindow(cdsLibManager)
\a nrSetCurrentWindow(cdsLibManager)
\a nrSetCurrentWindow(cdsLibManager)
\a nrSetCurrentWindow(cdsLibManager)
\a nrSetCurrentWindow(cdsLibManager)
\a nrSetCurrentWindow(cdsLibManager)
\a nrSetCurrentWindow(cdsLibManager)
\a nrSetCurrentWindow(cdsLibManager)
\a nrSetCurrentWindow(cdsLibManager)
\a nrSetCurrentWindow(cdsLibManager)
\a nrSetCurrentWindow(cdsLibManager)
\a nrSetCurrentWindow(cdsLibManager)
\a nrSetCurrentWindow(cdsLibManager)
\a nrSetCurrentWindow(cdsLibManager)
\a nrSetCurrentWindow(cdsLibManager)
\a nrSetCurrentWindow(cdsLibManager)
\a nrSetCurrentWindow(cdsLibManager)
\a nrSetCurrentWindow(cdsLibManager)
\a nrSetCurrentWindow(cdsLibManager)
\a nrSetCurrentWindow(cdsLibManager)
\a nrSetCurrentWindow(cdsLibManager)
\a nrSetCurrentWindow(cdsLibManager)
\a nrSetCurrentWindow(cdsLibManager)
\a nrSetCurrentWindow(cdsLibManager)
\a nrSetCurrentWindow(cdsLibManager)
\a nrResizeWindow(cdsLibManager list(-63 233 1148 756))
\a nrSetCurrentWindow(cdsLibManager)
\a nrResizeWindow(cdsLibManager list(161 198 1148 756))
\a nrResizeWindow(cdsLibManager list(161 0 1148 825))
\a nrSetCurrentWindow(cdsLibManager)
\a nrSetCurrentWindow(cdsLibManager)
\a cdsLibManager->libListBox->value = nil
\a nrListItemAction(cdsLibManager->libListBox "lab0" 0)
\a cdsLibManager->cellListBox->value = "Inv"
\a cdsLibManager->cellLineEdit->value = "Inv"
\a cdsLibManager->viewListBox->value = "schematic"
\a cdsLibManager->viewLineEdit->value = "schematic"
\a cdsLibManager->libLineEdit->value = "lab0"
\a cdsLibManager->cellListBox->value = nil
\a cdsLibManager->viewLineEdit->value = ""
\a cdsLibManager->viewListBox->value = nil
\a nrListItemAction(cdsLibManager->cellListBox 0 0)
\a cdsLibManager->cellListBox->value = "Inv"
\a cdsLibManager->viewListBox->value = "schematic"
\a cdsLibManager->viewLineEdit->value = "schematic"
\a cdsLibManager->viewLineEdit->value = ""
\a cdsLibManager->viewListBox->value = nil
\o MPS request: edit design
\a cdsLibManager->cellLineEdit->value = "Inv"
\a nrSetCurrentWindow(cdsLibManager)
\a nrSetCurrentWindow(cdsLibManager)
\a nrSetCurrentWindow(cdsLibManager)
\a nrSetCurrentWindow(cdsLibManager)
\a nrSetCurrentWindow(cdsLibManager)
\a nrSetCurrentWindow(cdsLibManager)
\a nrSetCurrentWindow(cdsLibManager)
\a nrSetCurrentWindow(cdsLibManager)
\a nrSetCurrentWindow(cdsLibManager)
\a cdsLibManager->libListBox->value = nil
\a cdsLibManager->cellListBox->value = nil
\a cdsLibManager->cellLineEdit->value = ""
\a cdsLibManager->libListBox->value = "lab0"
\a cdsLibManager->cellListBox->value = "Inv"
\a cdsLibManager->cellLineEdit->value = "Inv"
\a cdsLibManager->viewListBox->value = "schematic"
\a cdsLibManager->viewLineEdit->value = "schematic"
\a nrListItemAction(cdsLibManager->libListBox "lab0" 0)
\a cdsLibManager->libLineEdit->value = "lab0"
\a cdsLibManager->cellListBox->value = nil
\a cdsLibManager->viewLineEdit->value = ""
\a cdsLibManager->viewListBox->value = nil
\a nrListItemAction(cdsLibManager->cellListBox 0 0)
\a cdsLibManager->cellListBox->value = "Inv"
\a cdsLibManager->viewListBox->value = "schematic"
\a cdsLibManager->viewLineEdit->value = "schematic"
\a cdsLibManager->viewLineEdit->value = ""
\a cdsLibManager->viewListBox->value = nil
\o MPS request: edit design
\a cdsLibManager->cellLineEdit->value = "Inv"
\a nrSetCurrentWindow(cdsLibManager)
\a nrSetCurrentWindow(cdsLibManager)
\a nrSetCurrentWindow(cdsLibManager)
\a nrSetCurrentWindow(cdsLibManager)
\a cdsLibManager->viewListBox->value = "symbol"
\a cdsLibManager->viewLineEdit->value = "symbol"
\a nrSetCurrentWindow(cdsLibManager)
\a cdsLibManager->viewListBox->value = nil
\a cdsLibManager->viewLineEdit->value = ""
\a nrSetCurrentWindow(cdsLibManager)
\a _lmgrCloseIconify("cdsLibManager" 1)
\a cdsLibManager->viewLineEdit->value = ""
\a nrResizeWindow(cdsLibManager list(-1759 0 1148 825))
\a cdsLibManager->libListBox->value = nil
\a cdsLibManager->cellListBox->value = nil
\a cdsLibManager->cellLineEdit->value = ""
\a cdsLibManager->libLineEdit->value = ""
\w Warning: '/home/viterbi/09/lijunlia/work_gpdk045/cds.lib', Line 3, Repeat of INCLUDE of '/home/viterbi/01/ee577/CDS_GPDK45/gpdk045_v_5_0/cds.lib'.
\w Warning: LIB analogLib from File /home/viterbi/01/ee577/CDS_GPDK45/gpdk045_v_5_0/cds.lib Line 3 redefines
\w LIB analogLib from the same file (defined earlier.)
\w Warning: LIB basic from File /home/viterbi/01/ee577/CDS_GPDK45/gpdk045_v_5_0/cds.lib Line 4 redefines
\w LIB basic from the same file (defined earlier.)
\w Warning: LIB sheets from File /home/viterbi/01/ee577/CDS_GPDK45/gpdk045_v_5_0/cds.lib Line 5 redefines
\w LIB sheets from the same file (defined earlier.)
\w Warning: '/home/viterbi/09/lijunlia/work_gpdk045/cds.lib', Line 4, Repeat of INCLUDE of '/home/viterbi/01/ee577/CDS_GPDK45/gsclib045_svt_mini_v4.4/cds.lib'.
\w Warning: '/home/viterbi/01/ee577/CDS_GPDK45/gsclib045_svt_mini_v4.4/cds.lib', Line 1, Repeat of INCLUDE of '/home/viterbi/01/ee577/CDS_GPDK45/gsclib045_svt_mini_v4.4/gsclib045_tech/cds.lib'.
\w Warning: '/home/viterbi/01/ee577/CDS_GPDK45/gsclib045_svt_mini_v4.4/cds.lib', Line 2, Repeat of INCLUDE of '/home/viterbi/01/ee577/CDS_GPDK45/gsclib045_svt_mini_v4.4/gsclib045/cds.lib'.
\w Warning: LIB GSCLIB045 from File /home/viterbi/01/ee577/CDS_GPDK45/gsclib045_svt_mini_v4.4/cds.lib Line 3 redefines
\w LIB GSCLIB045 from the same file (defined earlier.)
\w Warning: '/home/viterbi/09/lijunlia/work_gpdk045/cds.lib', Line 6, Repeat of INCLUDE of '/home/viterbi/01/ee577/CDS_GPDK45/gpdk045_v_5_0/cds.lib'.
\w Warning: LIB analogLib from File /home/viterbi/01/ee577/CDS_GPDK45/gpdk045_v_5_0/cds.lib Line 3 redefines
\w LIB analogLib from the same file (defined earlier.)
\w Warning: LIB basic from File /home/viterbi/01/ee577/CDS_GPDK45/gpdk045_v_5_0/cds.lib Line 4 redefines
\w LIB basic from the same file (defined earlier.)
\w Warning: LIB sheets from File /home/viterbi/01/ee577/CDS_GPDK45/gpdk045_v_5_0/cds.lib Line 5 redefines
\w LIB sheets from the same file (defined earlier.)
\w Warning: '/home/viterbi/09/lijunlia/work_gpdk045/cds.lib', Line 7, Repeat of INCLUDE of '/home/viterbi/01/ee577/CDS_GPDK45/gsclib045_svt_mini_v4.4/cds.lib'.
\w Warning: '/home/viterbi/01/ee577/CDS_GPDK45/gsclib045_svt_mini_v4.4/cds.lib', Line 1, Repeat of INCLUDE of '/home/viterbi/01/ee577/CDS_GPDK45/gsclib045_svt_mini_v4.4/gsclib045_tech/cds.lib'.
\w Warning: '/home/viterbi/01/ee577/CDS_GPDK45/gsclib045_svt_mini_v4.4/cds.lib', Line 2, Repeat of INCLUDE of '/home/viterbi/01/ee577/CDS_GPDK45/gsclib045_svt_mini_v4.4/gsclib045/cds.lib'.
\w Warning: LIB GSCLIB045 from File /home/viterbi/01/ee577/CDS_GPDK45/gsclib045_svt_mini_v4.4/cds.lib Line 3 redefines
\w LIB GSCLIB045 from the same file (defined earlier.)
\a cdsLibManager->libListBox->value = "lab0"
\a cdsLibManager->libLineEdit->value = "lab0"
\a cdsLibManager->cellListBox->value = "Inv"
\a cdsLibManager->cellLineEdit->value = "Inv"
\a cdsLibManager->viewListBox->value = "symbol"
\a cdsLibManager->viewLineEdit->value = "symbol"
\a cdsLibManager->cellListBox->value = nil
\a cdsLibManager->viewLineEdit->value = ""
\a cdsLibManager->viewListBox->value = nil
\a cdsLibManager->cellLineEdit->value = ""
\a cdsLibManager->cellListBox->value = "Inv"
\a cdsLibManager->cellLineEdit->value = "Inv"
\a cdsLibManager->viewListBox->value = "symbol"
\a cdsLibManager->viewLineEdit->value = "symbol"
\a cdsLibManager->viewLineEdit->value = ""
\a cdsLibManager->viewListBox->value = nil
\a cdsLibManager->viewListBox->value = "symbol"
\a cdsLibManager->viewLineEdit->value = "symbol"
\a cdsLibManager->viewLineEdit->value = ""
\a cdsLibManager->viewListBox->value = nil
\a cdsLibManager->viewListBox->value = "symbol"
\a cdsLibManager->viewLineEdit->value = "symbol"
\a cdsLibManager->viewLineEdit->value = ""
\a cdsLibManager->viewListBox->value = nil
\o DB was auto refreshed.
