Parameters:
	-runDir
	/home/viterbi/09/lijunlia/work_gpdk045/LVS
	-ossdir
	/home/viterbi/09/lijunlia/work_gpdk045/LVS/
	-cellmap
	/home/viterbi/09/lijunlia/work_gpdk045/LVS/lay_cellMap.txt
	-ppid
	263869
	-form
	-viewer
	virtuoso
	-schview
	schematic
	-tag
	GGIRJ9KECHIT2WEIHQR


Checking out SoftShare license Phys_Ver_Sys_Results_Mgr 16.1 Qty: 1 ... succeeded (1s).
starting pvsProbeServer: port= 35234
Starting probe server on port: 35234
Checking in SoftShare license Phys_Ver_Sys_Results_Mgr ... succeeded (1s).
